  Player.cpp
c:\users\martí\documents\github\vj\exopengl3\2dgame\02-bubble\02-bubble\player.h(16): error C2365: 'TURN_RUNNING_LEFT': nueva definición; la definición anterior era 'enumerador'
  c:\users\martí\documents\github\vj\exopengl3\2dgame\02-bubble\02-bubble\player.h(14): note: vea la declaración de 'TURN_RUNNING_LEFT'
  Generando código...
  Compilando...
  Entity.cpp
c:\users\martí\documents\github\vj\exopengl3\2dgame\02-bubble\02-bubble\player.h(16): error C2365: 'TURN_RUNNING_LEFT': nueva definición; la definición anterior era 'enumerador'
  c:\users\martí\documents\github\vj\exopengl3\2dgame\02-bubble\02-bubble\player.h(14): note: vea la declaración de 'TURN_RUNNING_LEFT'
  Generando código...
  Compilando...
  Game.cpp
c:\users\martí\documents\github\vj\exopengl3\2dgame\02-bubble\02-bubble\player.h(16): error C2365: 'TURN_RUNNING_LEFT': nueva definición; la definición anterior era 'enumerador'
  c:\users\martí\documents\github\vj\exopengl3\2dgame\02-bubble\02-bubble\player.h(14): note: vea la declaración de 'TURN_RUNNING_LEFT'
  Generando código...
  Compilando...
  Gui.cpp
c:\users\martí\documents\github\vj\exopengl3\2dgame\02-bubble\02-bubble\player.h(16): error C2365: 'TURN_RUNNING_LEFT': nueva definición; la definición anterior era 'enumerador'
  c:\users\martí\documents\github\vj\exopengl3\2dgame\02-bubble\02-bubble\player.h(14): note: vea la declaración de 'TURN_RUNNING_LEFT'
  Generando código...
  Compilando...
  MainMenu.cpp
c:\users\martí\documents\github\vj\exopengl3\2dgame\02-bubble\02-bubble\player.h(16): error C2365: 'TURN_RUNNING_LEFT': nueva definición; la definición anterior era 'enumerador'
  c:\users\martí\documents\github\vj\exopengl3\2dgame\02-bubble\02-bubble\player.h(14): note: vea la declaración de 'TURN_RUNNING_LEFT'
  Generando código...
  Compilando...
  Pause.cpp
c:\users\martí\documents\github\vj\exopengl3\2dgame\02-bubble\02-bubble\player.h(16): error C2365: 'TURN_RUNNING_LEFT': nueva definición; la definición anterior era 'enumerador'
  c:\users\martí\documents\github\vj\exopengl3\2dgame\02-bubble\02-bubble\player.h(14): note: vea la declaración de 'TURN_RUNNING_LEFT'
  Generando código...
  Compilando...
  Scene.cpp
c:\users\martí\documents\github\vj\exopengl3\2dgame\02-bubble\02-bubble\player.h(16): error C2365: 'TURN_RUNNING_LEFT': nueva definición; la definición anterior era 'enumerador'
  c:\users\martí\documents\github\vj\exopengl3\2dgame\02-bubble\02-bubble\player.h(14): note: vea la declaración de 'TURN_RUNNING_LEFT'
c:\users\martí\documents\github\vj\exopengl3\2dgame\02-bubble\02-bubble\scene.cpp(75): warning C4244: 'inicializando': conversión de 'float' a 'int'; posible pérdida de datos
c:\users\martí\documents\github\vj\exopengl3\2dgame\02-bubble\02-bubble\scene.cpp(76): warning C4244: 'inicializando': conversión de 'float' a 'int'; posible pérdida de datos
  Generando código...
  Compilando...
  main.cpp
c:\users\martí\documents\github\vj\exopengl3\2dgame\02-bubble\02-bubble\player.h(16): error C2365: 'TURN_RUNNING_LEFT': nueva definición; la definición anterior era 'enumerador'
  c:\users\martí\documents\github\vj\exopengl3\2dgame\02-bubble\02-bubble\player.h(14): note: vea la declaración de 'TURN_RUNNING_LEFT'
  Generando código...
